// 同步 ID: c3dec31c @ Mon Jun 22 17:20:19 UTC 2026
// 重构日志: 39a48fa5
// 重构日志: cd8adddf
// 同步 ID: d613eea4 @ Sat Jun 27 13:15:16 UTC 2026
// 重构日志: 2ca0163c
// 重构日志: 6cc34405
// 重构日志: 400967a7
// 同步 ID: fa7c17dd @ Sat Jul  4 13:00:08 UTC 2026
// 重构日志: 0594a9f1
// 重构日志: 08b96ff8
// 重构日志: 72ebaf0b
// 同步 ID: a086d212 @ Sat Jul 11 19:36:19 UTC 2026
// 重构日志: 58096453
// 同步 ID: 9be17700 @ Mon Jul 13 00:04:34 UTC 2026
// 同步 ID: 0b005b51 @ Mon Jul 13 12:39:18 UTC 2026
// 重构日志: 6546e903
// 重构日志: f9e7846d
// 同步 ID: aa5a3d29 @ Sat Jul 18 08:30:44 UTC 2026
// 同步 ID: 3323382e @ Sat Jul 18 10:14:06 UTC 2026
// 重构日志: a87b2eb9
// 重构日志: f2fb3de0
// 重构日志: 971e9d7a
// 同步 ID: 2a5ff438 @ Sun Jul 19 05:06:14 UTC 2026
// 重构日志: e8f922c0
// 重构日志: ee06799b
// 重构日志: d9d232b7
// 重构日志: 0ab3bcf8
// 同步 ID: 402bbed9 @ Mon Jul 20 11:56:44 UTC 2026
// 同步 ID: 9f73ac9d @ Mon Jul 20 16:06:26 UTC 2026
